sending incremental file list
./
practica1

sent 207 bytes  received 38 bytes  490,00 bytes/sec
total size is 13.522.583  speedup is 55.194,22
sending incremental file list
./
.practica1.swp
practica1

sent 1.299 bytes  received 57 bytes  2.712,00 bytes/sec
total size is 13.523.608  speedup is 9.973,16
sending incremental file list
./
practica1

sent 235 bytes  received 41 bytes  184,00 bytes/sec
total size is 13.523.608  speedup is 48.998,58
sending incremental file list
./
practica1

sent 235 bytes  received 41 bytes  552,00 bytes/sec
total size is 13.523.608  speedup is 48.998,58
sending incremental file list
./
practica1

sent 235 bytes  received 41 bytes  552,00 bytes/sec
total size is 13.523.608  speedup is 48.998,58
sending incremental file list
./
practica1

sent 235 bytes  received 41 bytes  552,00 bytes/sec
total size is 13.523.608  speedup is 48.998,58
sending incremental file list
./
practica1

sent 235 bytes  received 41 bytes  552,00 bytes/sec
total size is 13.523.608  speedup is 48.998,58
sending incremental file list
./
practica1

sent 235 bytes  received 41 bytes  552,00 bytes/sec
total size is 13.523.608  speedup is 48.998,58
sending incremental file list
./
practica1

sent 235 bytes  received 41 bytes  552,00 bytes/sec
total size is 13.523.608  speedup is 48.998,58
